0 info it worked if it ends with ok
1 verbose cli [ '/Users/martinwiesmuller/.nvm/versions/node/v4.0.0/bin/node',
1 verbose cli   '/Users/martinwiesmuller/.nvm/versions/node/v4.0.0/bin/npm',
1 verbose cli   'publish',
1 verbose cli   '.' ]
2 info using npm@2.14.2
3 info using node@v4.0.0
4 verbose publish [ '.' ]
5 silly cache add args [ '.', null ]
6 verbose cache add spec .
7 silly cache add parsed spec Result {
7 silly cache add   raw: '.',
7 silly cache add   scope: null,
7 silly cache add   name: null,
7 silly cache add   rawSpec: '.',
7 silly cache add   spec: '/Users/martinwiesmuller/share/mongodb-handler',
7 silly cache add   type: 'directory' }
8 verbose addLocalDirectory /Users/martinwiesmuller/.npm/mongodb-handler/0.0.5/package.tgz not in flight; packing
9 verbose tar pack [ '/Users/martinwiesmuller/.npm/mongodb-handler/0.0.5/package.tgz',
9 verbose tar pack   '/Users/martinwiesmuller/share/mongodb-handler' ]
10 verbose tarball /Users/martinwiesmuller/.npm/mongodb-handler/0.0.5/package.tgz
11 verbose folder /Users/martinwiesmuller/share/mongodb-handler
12 info prepublish mongodb-handler@0.0.5
13 verbose addLocalTarball adding from inside cache /Users/martinwiesmuller/.npm/mongodb-handler/0.0.5/package.tgz
14 silly cache afterAdd mongodb-handler@0.0.5
15 verbose afterAdd /Users/martinwiesmuller/.npm/mongodb-handler/0.0.5/package/package.json not in flight; writing
16 verbose afterAdd /Users/martinwiesmuller/.npm/mongodb-handler/0.0.5/package/package.json written
17 silly publish { name: 'mongodb-handler',
17 silly publish   version: '0.0.5',
17 silly publish   description: 'easy NPM Modul to handle all important mongodb operations as global',
17 silly publish   contributors:
17 silly publish    [ { name: 'Joe Herwig', email: 'joachim.herwig@werbas-ag.com' },
17 silly publish      { name: 'Martin Wiesmüller',
17 silly publish        email: 'martin.wiesmueller@werbas-ag.com' } ],
17 silly publish   main: 'lib/app.js',
17 silly publish   dependencies:
17 silly publish    { log: '1.4.0',
17 silly publish      mongodb: '2.0.48',
17 silly publish      'node-cache': '3.0.0',
17 silly publish      'node-uuid': '1.4.7' },
17 silly publish   repository:
17 silly publish    { type: 'git',
17 silly publish      url: 'git+ssh://git@github.com/werbasinnotec/mongodb-handler.git' },
17 silly publish   keywords: [ 'mongodb', 'global' ],
17 silly publish   license: 'MIT',
17 silly publish   devDependencies: { assertthat: '0.6.0', grunt: '0.4.5', tourism: '0.21.0' },
17 silly publish   readme: '# NPM Module mongodb-handler\n\nThis module handles all mongodb-transactions over a global calling.\n\n### Installation\n\n        npm install mongodb-handler\n\n### Implementate in your project:\n\nThe following commands are present:\n\n```javascript\nconst mdbhandler = require(\'mongodb-handler\');\n\nmdbhandler(method, options, config);\n```\n\n## Variable Declaration\n\n####  method:\n\nSet the method of the transaction. Following methods are available:\n\n###### DELETE\n=====\n\n```javascript\nconst options = { coll: \'test\', obj: { foo: \'bar\' } }\nconst config = { dbuser: \'test\', dbpassword: \'123\', dbhost: \'199.9.9.9\', dbport: 27021, dbname: \'admin\' };\n\nmdbhandler(\'DELETE\', options, config, function (err, cb) {\n    if (err) {\n        throw err\n    }\n    // Implementate your code...\n    console.log(cb);\n});\n```\nThis method will delete all object with \'foo\' / \'bar\' in collection \'test\'.\n\nWhen your mongodb have no authentication, the parameters dbuser and dbpassword can removed.\n\n###### INSERT\n=====\n```javascript\nconst options = { coll: \'test\', obj: { foo: \'bar\' } }\nconst config = { dbuser: \'test\', dbpassword: \'123\', dbhost: \'199.9.9.9\', dbport: 27021, dbname: \'admin\' };\n\nmdbhandler(\'INSERT\', options, config, function (err, cb) {\n    if (err) {\n        throw err\n    }\n    // Implementate your code...\n    console.log(cb);\n});\n```\nThis method will insert a object with \'foo\' / \'bar\' in collection \'test\'\n\nWhen your mongodb have no authentication, the parameters dbuser and dbpassword can removed.\n\n###### FETCH\n=====\n```javascript\nconst options = { coll: \'test\', obj: { foo: \'bar\' } }\nconst config = { dbuser: \'test\', dbpassword: \'123\', dbhost: \'199.9.9.9\', dbport: 27021, dbname: \'admin\' };\n\nmdbhandler(\'FETCH\', options, config, function (err, cb) {\n    if (err) {\n        throw err\n    }\n    // Implementate your code...\n    console.log(cb);\n});\n```\nThis method will fetch a object with \'foo\' / \'bar\' in collection \'test\'\n\n\n\n###### UPDATE\n======\n```javascript\nconst options = { coll: \'test\', criteria: { foo: \'bla\' }, obj: { foo: \'bar\' }}\nconst config = { dbuser: \'test\', dbpassword: \'123\', dbhost: \'199.9.9.9\', dbport: 27021, dbname: \'admin\' };\n\nmdbhandler(\'UPDATE\', options, config, function (err, cb) {\n    if (err) {\n        throw err\n    }\n    // Implementate your code...\n    console.log(cb);\n});\n```\n\n###### ADDUSER\n======\n```javascript\nconst options = { newdbuser: \'frank\', newdbpassword: \'sinatra\', newdbname: \'musical\' }\nconst config = { admindbuser: \'admin\',  admindbpassword: \'password\', dbhost: \'199.9.9.9\', dbport: 27021 };\n\nmdbhandler(\'ADDUSER\', options, config, function (err, cb) {\n    if (err) {\n        throw err\n    }\n    // Implementate your code...\n    console.log(cb);\n});\n```\n\nThis method will update all objects with named critera in collection \'coll\'.\nWhen your mongodb have no authentication, the parameters dbuser and dbpassword can removed.\n\n\n## License\n\nThe MIT License (MIT)\nCopyright (c) 2015 Werbasinnotec.\n\nPermission is hereby granted, free of charge, to any person obtaining a copy of this software and associated documentation files (the "Software"), to deal in the Software without restriction, including without limitation the rights to use, copy, modify, merge, publish, distribute, sublicense, and/or sell copies of the Software, and to permit persons to whom the Software is furnished to do so, subject to the following conditions:\n\nThe above copyright notice and this permission notice shall be included in all copies or substantial portions of the Software.\n\nTHE SOFTWARE IS PROVIDED "AS IS", WITHOUT WARRANTY OF ANY KIND, EXPRESS OR IMPLIED, INCLUDING BUT NOT LIMITED TO THE WARRANTIES OF MERCHANTABILITY, FITNESS FOR A PARTICULAR PURPOSE AND NONINFRINGEMENT. IN NO EVENT SHALL THE AUTHORS OR COPYRIGHT HOLDERS BE LIABLE FOR ANY CLAIM, DAMAGES OR OTHER LIABILITY, WHETHER IN AN ACTION OF CONTRACT, TORT OR OTHERWISE, ARISING FROM, OUT OF OR IN CONNECTION WITH THE SOFTWARE OR THE USE OR OTHER DEALINGS IN THE SOFTWARE.\n',
17 silly publish   readmeFilename: 'README.md',
17 silly publish   gitHead: '97e9f2fbb671d5ea2d4c291fcc66ac09796f6681',
17 silly publish   bugs: { url: 'https://github.com/werbasinnotec/mongodb-handler/issues' },
17 silly publish   homepage: 'https://github.com/werbasinnotec/mongodb-handler#readme',
17 silly publish   _id: 'mongodb-handler@0.0.5',
17 silly publish   scripts: {},
17 silly publish   _shasum: '348a19b8a027c089cc63e633ee0e9a61f251dd63',
17 silly publish   _from: '.' }
18 verbose getPublishConfig undefined
19 silly mapToRegistry name mongodb-handler
20 silly mapToRegistry using default registry
21 silly mapToRegistry registry https://registry.npmjs.org/
22 silly mapToRegistry uri https://registry.npmjs.org/mongodb-handler
23 verbose publish registryBase https://registry.npmjs.org/
24 silly publish uploading /Users/martinwiesmuller/.npm/mongodb-handler/0.0.5/package.tgz
25 verbose request uri https://registry.npmjs.org/mongodb-handler
26 verbose request sending authorization for write operation
27 info attempt registry request try #1 at 15:43:17
28 verbose request using bearer token for auth
29 verbose request id f028317d60f0e40d
30 http request PUT https://registry.npmjs.org/mongodb-handler
31 http 403 https://registry.npmjs.org/mongodb-handler
32 verbose headers { 'content-type': 'application/json',
32 verbose headers   'cache-control': 'max-age=60',
32 verbose headers   'content-length': '95',
32 verbose headers   'accept-ranges': 'bytes',
32 verbose headers   date: 'Wed, 18 Nov 2015 14:43:19 GMT',
32 verbose headers   via: '1.1 varnish',
32 verbose headers   connection: 'keep-alive',
32 verbose headers   'x-served-by': 'cache-lcy1125-LCY',
32 verbose headers   'x-cache': 'MISS',
32 verbose headers   'x-cache-hits': '0',
32 verbose headers   'x-timer': 'S1447857798.291581,VS0,VE1419' }
33 verbose request invalidating /Users/martinwiesmuller/.npm/registry.npmjs.org/mongodb-handler on PUT
34 error publish Failed PUT 403
35 verbose stack Error: "You cannot publish over the previously published version 0.0.5." : mongodb-handler
35 verbose stack     at makeError (/Users/martinwiesmuller/.nvm/versions/node/v4.0.0/lib/node_modules/npm/node_modules/npm-registry-client/lib/request.js:263:12)
35 verbose stack     at CachingRegistryClient.<anonymous> (/Users/martinwiesmuller/.nvm/versions/node/v4.0.0/lib/node_modules/npm/node_modules/npm-registry-client/lib/request.js:251:14)
35 verbose stack     at Request._callback (/Users/martinwiesmuller/.nvm/versions/node/v4.0.0/lib/node_modules/npm/node_modules/npm-registry-client/lib/request.js:171:14)
35 verbose stack     at Request.self.callback (/Users/martinwiesmuller/.nvm/versions/node/v4.0.0/lib/node_modules/npm/node_modules/request/request.js:198:22)
35 verbose stack     at emitTwo (events.js:87:13)
35 verbose stack     at Request.emit (events.js:172:7)
35 verbose stack     at Request.<anonymous> (/Users/martinwiesmuller/.nvm/versions/node/v4.0.0/lib/node_modules/npm/node_modules/request/request.js:1073:14)
35 verbose stack     at emitOne (events.js:82:20)
35 verbose stack     at Request.emit (events.js:169:7)
35 verbose stack     at IncomingMessage.<anonymous> (/Users/martinwiesmuller/.nvm/versions/node/v4.0.0/lib/node_modules/npm/node_modules/request/request.js:1019:12)
36 verbose statusCode 403
37 verbose pkgid mongodb-handler
38 verbose cwd /Users/martinwiesmuller/share/mongodb-handler
39 error Darwin 15.0.0
40 error argv "/Users/martinwiesmuller/.nvm/versions/node/v4.0.0/bin/node" "/Users/martinwiesmuller/.nvm/versions/node/v4.0.0/bin/npm" "publish" "."
41 error node v4.0.0
42 error npm  v2.14.2
43 error code E403
44 error "You cannot publish over the previously published version 0.0.5." : mongodb-handler
45 error If you need help, you may report this error at:
45 error     <https://github.com/npm/npm/issues>
46 verbose exit [ 1, true ]
